<?xml version="1.0" encoding="utf-8" standalone="no"?>
<test-results xmlns:xsi="http://www.w3.org/2001/XMLSchema-instance" xsi:noNamespaceSchemaLocation="nunit_schema_2.5.xsd" name="Pester" total="0" errors="0" failures="0" not-run="239" inconclusive="0" ignored="0" skipped="0" invalid="0" date="2026-08-20" time="23:25:02">
  <environment cwd="/home/jack/.openclaw/workspace/projects/bug-free-umbrella" user-domain="" os-version="7.0.0-29-generic" machine-name="lee-lab" nunit-version="2.5.8.0" user="jack" platform="Linux" clr-version="10.0.10" />
  <culture-info current-culture="en-GB" current-uiculture="en-GB" />
  <test-suite type="TestFixture" name="Pester" executed="True" result="Success" success="True" time="0.3259" asserts="0" description="Pester">
    <results />
  </test-suite>
</test-results>